<?xml version="1.0" encoding="utf-8"?><testsuites name="pytest tests"><testsuite name="pytest" errors="0" failures="0" skipped="0" tests="54" time="82.680" timestamp="2026-08-03T09:32:06.648196+00:00" hostname="agent-env-d75c8985-270c-454b-af0a-12ef9b2fb519"><testcase classname="tests.backend_test.TestAuth" name="test_admin_login" time="68.386" /><testcase classname="tests.backend_test.TestOrders" name="test_create_order_and_get" time="36.639" /><testcase classname="tests.backend_test.TestOrders" name="test_lookup" time="0.093" /><testcase classname="tests.backend_test.TestOrders" name="test_techniker_sees_no_pii" time="21.172" /><testcase classname="tests.backend_test.TestOrders" name="test_techniker_accept" time="0.115" /><testcase classname="tests.backend_test.TestOrders" name="test_techniker_start_repair" time="0.096" /><testcase classname="tests.backend_test.TestOrders" name="test_techniker_mark_ready" time="0.776" /><testcase classname="tests.backend_test.TestOrders" name="test_mitarbeiter_deliver" time="0.434" /><testcase classname="tests.backend_test.TestOrders" name="test_media_upload" time="0.367" /><testcase classname="tests.backend_test.TestOrders" name="test_messages_get" time="0.094" /><testcase classname="tests.backend_test.TestSeeded" name="test_branches_count" time="0.095" /><testcase classname="tests.backend_test.TestSeeded" name="test_users_count" time="0.094" /><testcase classname="tests.backend_test.TestSeeded" name="test_users_forbidden_for_techniker" time="0.092" /><testcase classname="tests.backend_test.TestSeeded" name="test_inventory_seeded" time="0.099" /><testcase classname="tests.backend_test.TestSeeded" name="test_inventory_mitarbeiter_readable" time="0.097" /><testcase classname="tests.backend_test.TestSeeded" name="test_inventory_mitarbeiter_cannot_create" time="0.094" /><testcase classname="tests.test_iteration2.TestCosts" name="test_initial_cost_calc" time="0.507" /><testcase classname="tests.test_iteration2.TestCosts" name="test_update_costs_and_status_bestaetigt" time="0.425" /><testcase classname="tests.test_iteration2.TestCosts" name="test_reject_cost_status" time="0.099" /><testcase classname="tests.test_iteration2.TestCosts" name="test_invalid_cost_status" time="0.101" /><testcase classname="tests.test_iteration2.TestCosts" name="test_techniker_cannot_update_costs" time="0.424" /><testcase classname="tests.test_iteration2.TestUsedParts" name="test_add_part_deducts_stock_and_updates_cost" time="0.384" /><testcase classname="tests.test_iteration2.TestUsedParts" name="test_techniker_can_add_part" time="19.666" /><testcase classname="tests.backend_test.TestAuth" name="test_mitarbeiter_login" time="0.373" /><testcase classname="tests.backend_test.TestAuth" name="test_techniker_login" time="0.321" /><testcase classname="tests.backend_test.TestAuth" name="test_wrong_password" time="0.317" /><testcase classname="tests.backend_test.TestAuth" name="test_no_public_register" time="0.094" /><testcase classname="tests.backend_test.TestAuth" name="test_me" time="0.416" /><testcase classname="tests.test_iteration2.TestManualStatus" name="test_mitarbeiter_set_warten_ersatzteil" time="0.927" /><testcase classname="tests.test_iteration2.TestManualStatus" name="test_mitarbeiter_set_fertig" time="0.583" /><testcase classname="tests.test_iteration2.TestManualStatus" name="test_mitarbeiter_cannot_set_zugewiesen" time="0.097" /><testcase classname="tests.test_iteration2.TestManualStatus" name="test_techniker_warten_ersatzteil" time="0.426" /><testcase classname="tests.test_iteration3.TestAnalytics" name="test_analytics_admin_shape" time="0.422" /><testcase classname="tests.test_iteration3.TestAnalytics" name="test_analytics_forbidden_mitarbeiter" time="0.425" /><testcase classname="tests.test_iteration3.TestAnalytics" name="test_analytics_forbidden_techniker" time="0.419" /><testcase classname="tests.test_iteration3.TestWhatsApp" name="test_log_whatsapp_normalizes_phone" time="0.302" /><testcase classname="tests.test_iteration3.TestWhatsApp" name="test_communications_list" time="0.097" /><testcase classname="tests.test_iteration3.TestWhatsApp" name="test_techniker_cannot_log_or_list" time="0.198" /><testcase classname="tests.backend_test.TestStats" name="test_admin_stats" time="0.098" /><testcase classname="tests.backend_test.TestStats" name="test_techniker_stats" time="0.410" /><testcase classname="tests.test_iteration2.TestAdminStats" name="test_admin_revenue_and_branch" time="0.400" /><testcase classname="tests.test_iteration2.TestAdminStats" name="test_mitarbeiter_no_revenue" time="0.430" /><testcase classname="tests.test_iteration3.TestMitarbeiterBranchLock" name="test_mitarbeiter_create_forces_own_branch" time="0.949" /><testcase classname="tests.test_iteration3.TestMitarbeiterBranchLock" name="test_mitarbeiter_list_only_own_branch" time="0.102" /><testcase classname="tests.test_iteration3.TestAudit" name="test_audit_after_actions" time="0.302" /><testcase classname="tests.test_iteration3.TestAudit" name="test_audit_forbidden_techniker" time="0.521" /><testcase classname="tests.test_iteration3.TestMandatoryRepairMedia" name="test_fertig_blocked_without_repair_media" time="0.849" /><testcase classname="tests.test_iteration3.TestMandatoryRepairMedia" name="test_intake_media_alone_does_not_unlock_fertig" time="0.861" /><testcase classname="tests.backend_test.TestUsers" name="test_create_and_delete_user" time="0.503" /><testcase classname="tests.backend_test.TestRejectFlow" name="test_create_and_reject" time="0.380" /><testcase classname="tests.test_iteration2.TestTechnikerDSGVO" name="test_techniker_order_no_pii" time="0.926" /><testcase classname="tests.test_iteration3.TestOrderListNames" name="test_admin_list_has_branch_and_names" time="0.421" /><testcase classname="tests.test_iteration2.TestUsedParts" name="test_remove_part_restores_stock" time="0.191" /><testcase classname="tests.test_iteration2.TestUsedParts" name="test_insufficient_stock" time="0.182" /></testsuite></testsuites>