<?xml version="1.0" encoding="utf-8"?><testsuites name="pytest tests"><testsuite name="pytest" errors="0" failures="0" skipped="0" tests="16" time="3.852" timestamp="2026-08-03T07:36:45.752290+00:00" hostname="agent-env-d75c8985-270c-454b-af0a-12ef9b2fb519"><testcase classname="tests.test_iteration2.TestCosts" name="test_initial_cost_calc" time="1.012" /><testcase classname="tests.test_iteration2.TestCosts" name="test_update_costs_and_status_bestaetigt" time="0.467" /><testcase classname="tests.test_iteration2.TestUsedParts" name="test_add_part_deducts_stock_and_updates_cost" time="2.089" /><testcase classname="tests.test_iteration2.TestCosts" name="test_reject_cost_status" time="0.144" /><testcase classname="tests.test_iteration2.TestCosts" name="test_invalid_cost_status" time="0.137" /><testcase classname="tests.test_iteration2.TestCosts" name="test_techniker_cannot_update_costs" time="0.425" /><testcase classname="tests.test_iteration2.TestManualStatus" name="test_mitarbeiter_set_warten_ersatzteil" time="0.249" /><testcase classname="tests.test_iteration2.TestUsedParts" name="test_techniker_can_add_part" time="0.684" /><testcase classname="tests.test_iteration2.TestManualStatus" name="test_mitarbeiter_set_fertig" time="0.094" /><testcase classname="tests.test_iteration2.TestManualStatus" name="test_mitarbeiter_cannot_set_zugewiesen" time="0.165" /><testcase classname="tests.test_iteration2.TestManualStatus" name="test_techniker_warten_ersatzteil" time="0.136" /><testcase classname="tests.test_iteration2.TestUsedParts" name="test_remove_part_restores_stock" time="0.278" /><testcase classname="tests.test_iteration2.TestAdminStats" name="test_admin_revenue_and_branch" time="0.142" /><testcase classname="tests.test_iteration2.TestAdminStats" name="test_mitarbeiter_no_revenue" time="0.102" /><testcase classname="tests.test_iteration2.TestUsedParts" name="test_insufficient_stock" time="0.198" /><testcase classname="tests.test_iteration2.TestTechnikerDSGVO" name="test_techniker_order_no_pii" time="0.090" /></testsuite></testsuites>