<?xml version="1.0" encoding="utf-8"?><testsuites name="pytest tests"><testsuite name="pytest" errors="0" failures="1" skipped="0" tests="6" time="4.843" timestamp="2026-08-16T22:40:51.241039+00:00" hostname="agent-env-81798033-1b53-44f5-ba2b-53cb94805029"><testcase classname="tests.test_iteration9" name="test_tech_cannot_set_abgeholt" time="1.512" /><testcase classname="tests.test_iteration9" name="test_tech_can_set_warten_freigabe" time="0.388" /><testcase classname="tests.test_iteration9" name="test_notifications_endpoint_admin" time="0.107" /><testcase classname="tests.test_iteration9" name="test_notifications_endpoint_reception" time="0.103" /><testcase classname="tests.test_iteration9" name="test_fertig_creates_notification" time="1.969"><failure message="AssertionError: reception missing FERTIG notification&#10;assert False&#10; +  where False = any(&lt;generator object test_fertig_creates_notification.&lt;locals&gt;.&lt;genexpr&gt; at 0xfe2d59bdaf20&gt;)">backend/tests/test_iteration9.py:106: in test_fertig_creates_notification
    assert any("fertig" in (n.get("title","") + n.get("message","")).lower() or "reparatur" in (n.get("title","") + n.get("message","")).lower() for n in new_mo), "reception missing FERTIG notification"
E   AssertionError: reception missing FERTIG notification
E   assert False
E    +  where False = any(&lt;generator object test_fertig_creates_notification.&lt;locals&gt;.&lt;genexpr&gt; at 0xfe2d59bdaf20&gt;)</failure></testcase><testcase classname="tests.test_iteration9" name="test_reception_notifications_branch_scoped" time="0.340" /></testsuite></testsuites>