<?xml version="1.0" encoding="utf-8"?><testsuites name="pytest tests"><testsuite name="pytest" errors="0" failures="1" skipped="0" tests="9" time="4.612" timestamp="2026-08-13T14:50:56.523914+00:00" hostname="agent-env-81798033-1b53-44f5-ba2b-53cb94805029"><testcase classname="tests.test_iteration5" name="test_branches_shape" time="0.694" /><testcase classname="tests.test_iteration5" name="test_purchases_all_ok" time="0.703" /><testcase classname="tests.test_iteration5" name="test_purchases_all_techniker_forbidden" time="0.521" /><testcase classname="tests.test_iteration5" name="test_purchases_alerts_ok" time="0.145" /><testcase classname="tests.test_iteration5" name="test_invoice_gobd_idempotent_admin" time="0.362" /><testcase classname="tests.test_iteration5" name="test_invoice_requires_abgeholt" time="0.418" /><testcase classname="tests.test_iteration5" name="test_invoice_per_branch_sequences" time="0.450" /><testcase classname="tests.test_iteration5" name="test_reassign_after_rejected" time="0.605" /><testcase classname="tests.test_iteration5" name="test_techniker_cost_and_signature_stripped" time="0.340"><failure message="AssertionError: assert 'pickup_signature' not in {'auftragsnummer': 'RB-2026-00044', 'branch_id': '6a7c1cb64e44cdbe5db9bf84', 'device_brand': 'Samsung', 'device_model': 'Galaxy S21', ...}">backend/tests/test_iteration5.py:170: in test_techniker_cost_and_signature_stripped
    assert "pickup_signature" not in o
E   AssertionError: assert 'pickup_signature' not in {'auftragsnummer': 'RB-2026-00044', 'branch_id': '6a7c1cb64e44cdbe5db9bf84', 'device_brand': 'Samsung', 'device_model': 'Galaxy S21', ...}</failure></testcase></testsuite></testsuites>