<?xml version="1.0" encoding="utf-8"?><testsuites name="pytest tests"><testsuite name="pytest" errors="0" failures="0" skipped="0" tests="12" time="3.136" timestamp="2026-08-15T14:01:09.915437+00:00" hostname="agent-env-81798033-1b53-44f5-ba2b-53cb94805029"><testcase classname="tests.test_iteration6" name="test_comm_status_all_false" time="0.610" /><testcase classname="tests.test_iteration6" name="test_comm_status_techniker_forbidden" time="0.454" /><testcase classname="tests.test_iteration6" name="test_order_stores_lock_fields" time="0.355" /><testcase classname="tests.test_iteration6" name="test_reclamation_order_flags" time="0.181" /><testcase classname="tests.test_iteration6" name="test_notify_whatsapp_not_configured" time="0.226" /><testcase classname="tests.test_iteration6" name="test_notify_sms_not_configured" time="0.115" /><testcase classname="tests.test_iteration6" name="test_notify_email_ok_when_email_present" time="0.101" /><testcase classname="tests.test_iteration6" name="test_notify_email_400_when_no_email" time="0.209" /><testcase classname="tests.test_iteration6" name="test_notify_invalid_channel" time="0.100" /><testcase classname="tests.test_iteration6" name="test_notify_empty_message" time="0.099" /><testcase classname="tests.test_iteration6" name="test_imei_required_conditional" time="0.097" /><testcase classname="tests.test_iteration6" name="test_techniker_cost_and_signature_stripped" time="0.203" /></testsuite></testsuites>