<?xml version="1.0" encoding="utf-8"?><testsuites name="pytest tests"><testsuite name="pytest" errors="0" failures="0" skipped="0" tests="10" time="3.884" timestamp="2026-08-15T23:39:46.164932+00:00" hostname="agent-env-81798033-1b53-44f5-ba2b-53cb94805029"><testcase classname="tests.test_iteration7" name="test_inspection_save_by_admin" time="1.007" /><testcase classname="tests.test_iteration7" name="test_inspection_save_by_assigned_techniker" time="0.527" /><testcase classname="tests.test_iteration7" name="test_fertig_gate_requires_inspection" time="0.848" /><testcase classname="tests.test_iteration7" name="test_activity_admin_ok" time="0.122" /><testcase classname="tests.test_iteration7" name="test_activity_mitarbeiter_forbidden" time="0.416" /><testcase classname="tests.test_iteration7" name="test_activity_techniker_forbidden" time="0.101" /><testcase classname="tests.test_iteration7" name="test_reklamationen_admin" time="0.114" /><testcase classname="tests.test_iteration7" name="test_reklamationen_mitarbeiter_scoped" time="0.107" /><testcase classname="tests.test_iteration7" name="test_reklamationen_techniker_forbidden" time="0.109" /><testcase classname="tests.test_iteration7" name="test_techniker_cost_signature_stripped" time="0.208" /></testsuite></testsuites>