<?xml version="1.0" encoding="utf-8"?><testsuites name="pytest tests"><testsuite name="pytest" errors="0" failures="1" skipped="0" tests="25" time="6.446" timestamp="2026-08-03T06:53:38.178528+00:00" hostname="agent-env-d75c8985-270c-454b-af0a-12ef9b2fb519"><testcase classname="tests.backend_test.TestAuth" name="test_admin_login" time="0.437" /><testcase classname="tests.backend_test.TestAuth" name="test_mitarbeiter_login" time="0.512" /><testcase classname="tests.backend_test.TestAuth" name="test_techniker_login" time="0.411" /><testcase classname="tests.backend_test.TestOrders" name="test_create_order_and_get" time="1.450" /><testcase classname="tests.backend_test.TestAuth" name="test_wrong_password" time="0.354" /><testcase classname="tests.backend_test.TestOrders" name="test_lookup" time="0.264" /><testcase classname="tests.backend_test.TestAuth" name="test_no_public_register" time="0.094" /><testcase classname="tests.backend_test.TestOrders" name="test_techniker_sees_no_pii" time="0.601" /><testcase classname="tests.backend_test.TestAuth" name="test_me" time="0.652" /><testcase classname="tests.backend_test.TestOrders" name="test_techniker_accept" time="0.101" /><testcase classname="tests.backend_test.TestOrders" name="test_techniker_start_repair" time="0.097" /><testcase classname="tests.backend_test.TestSeeded" name="test_branches_count" time="1.239" /><testcase classname="tests.backend_test.TestOrders" name="test_techniker_mark_ready" time="0.099" /><testcase classname="tests.backend_test.TestOrders" name="test_mitarbeiter_deliver" time="0.418" /><testcase classname="tests.backend_test.TestOrders" name="test_media_upload" time="1.154" /><testcase classname="tests.backend_test.TestSeeded" name="test_users_count" time="0.438" /><testcase classname="tests.backend_test.TestOrders" name="test_messages_get" time="0.269" /><testcase classname="tests.backend_test.TestSeeded" name="test_users_forbidden_for_techniker" time="1.088" /><testcase classname="tests.backend_test.TestStats" name="test_admin_stats" time="0.096" /><testcase classname="tests.backend_test.TestStats" name="test_techniker_stats" time="0.100" /><testcase classname="tests.backend_test.TestUsers" name="test_create_and_delete_user" time="0.416"><failure message="assert False&#10; +  where False = any(&lt;generator object TestUsers.test_create_and_delete_user.&lt;locals&gt;.&lt;genexpr&gt; at 0xfdb3718db920&gt;)">backend/tests/backend_test.py:139: in test_create_and_delete_user
    assert any(u["email"] == email for u in r2.json())
E   assert False
E    +  where False = any(&lt;generator object TestUsers.test_create_and_delete_user.&lt;locals&gt;.&lt;genexpr&gt; at 0xfdb3718db920&gt;)</failure></testcase><testcase classname="tests.backend_test.TestRejectFlow" name="test_create_and_reject" time="0.651" /><testcase classname="tests.backend_test.TestSeeded" name="test_inventory_seeded" time="0.097" /><testcase classname="tests.backend_test.TestSeeded" name="test_inventory_mitarbeiter_readable" time="0.422" /><testcase classname="tests.backend_test.TestSeeded" name="test_inventory_mitarbeiter_cannot_create" time="0.136" /></testsuite></testsuites>